<?xml version="1.0" encoding="UTF-8"?>
<!-- Generated by org.testng.reporters.JUnitReportReporter -->
<testsuite hostname="LAPTOP-3O21V2C5" failures="0" tests="1" name="testexecution.GetParameter" time="0.030" errors="0" timestamp="2024-10-21T11:16:39 IST" skipped="0">
  <testcase classname="testexecution.GetParameter" name="method" time="0.030"/>
</testsuite> <!-- testexecution.GetParameter -->
